<?xml version="1.0" encoding="UTF-8"?>
<robot generator="Robot 5.0.1 (Python 3.9.13 on win32)" generated="20220820 23:28:56.646" rpa="true" schemaversion="3">
<suite id="s1" name="Tasks" source="c:\Users\Cliente\Documents\Python\CursoRobocorp\my-rsb-robot\tasks.robot">
<test id="s1-t1" name="Insert the sales data for the week and export it as a PDF" line="12">
<kw name="Open the intranet website">
<kw name="Open Available Browser" library="RPA.Browser.Selenium">
<arg>https://robotsparebinindustries.com/</arg>
<doc>Attempts to open a browser on the user's device from a set of
supported browsers. Automatically downloads a corresponding webdriver
if none is already installed.</doc>
<msg timestamp="20220820 23:28:58.611" level="INFO">Creating an instance of the Chrome WebDriver.</msg>
<msg timestamp="20220820 23:28:58.669" level="INFO">Created download root directory: C:\Users\Cliente\AppData\Local\robocorp\webdrivers</msg>
<msg timestamp="20220820 23:28:58.670" level="INFO">Created symlink directory: C:\Users\Cliente\AppData\Local\robocorp\webdrivers</msg>
<msg timestamp="20220820 23:28:58.671" level="INFO">Creating an instance of the Chrome WebDriver.</msg>
<msg timestamp="20220820 23:29:00.331" level="INFO">Created Chrome browser with arguments: --disable-dev-shm-usage --disable-web-security --allow-running-insecure-content --no-sandbox</msg>
<msg timestamp="20220820 23:29:00.332" level="INFO" html="true">&lt;p&gt;Attempted combinations:&lt;/p&gt;&lt;div class="doc"&gt;&lt;table&gt;&lt;tr&gt;&lt;th&gt;Browser&lt;/th&gt;&lt;th&gt;Download&lt;/th&gt;&lt;th&gt;Error&lt;/th&gt;&lt;/tr&gt;&lt;tr&gt;&lt;td&gt;Chrome&lt;/td&gt;&lt;td&gt;False&lt;/td&gt;&lt;td&gt;Message: 'chromedriver' executable needs to be in PATH. Please see https://sites.google.com/a/chromium.org/chromedriver/home
&lt;/td&gt;&lt;/tr&gt;&lt;tr&gt;&lt;td&gt;Chrome&lt;/td&gt;&lt;td&gt;True&lt;/td&gt;&lt;td&gt;&lt;/td&gt;&lt;/tr&gt;&lt;/table&gt;&lt;/div&gt;</msg>
<msg timestamp="20220820 23:29:00.332" level="INFO">Opening url 'https://robotsparebinindustries.com/'</msg>
<status status="PASS" starttime="20220820 23:28:58.609" endtime="20220820 23:29:01.183"/>
</kw>
<status status="PASS" starttime="20220820 23:28:58.607" endtime="20220820 23:29:01.183"/>
</kw>
<kw name="Log in">
<kw name="Input Text" library="RPA.Browser.Selenium">
<arg>username</arg>
<arg>maria</arg>
<doc>Types the given ``text`` into the text field identified by ``locator``.</doc>
<msg timestamp="20220820 23:29:01.187" level="INFO">Typing text 'maria' into text field 'username'.</msg>
<status status="PASS" starttime="20220820 23:29:01.186" endtime="20220820 23:29:01.339"/>
</kw>
<kw name="Input Password" library="RPA.Browser.Selenium">
<arg>password</arg>
<arg>thoushallnotpass</arg>
<doc>Types the given password into the text field identified by ``locator``.</doc>
<msg timestamp="20220820 23:29:01.340" level="INFO">Typing password into text field 'password'.</msg>
<msg timestamp="20220820 23:29:01.396" level="INFO">Temporally setting log level to: NONE</msg>
<msg timestamp="20220820 23:29:01.497" level="INFO">Log level changed from NONE to INFO.</msg>
<status status="PASS" starttime="20220820 23:29:01.340" endtime="20220820 23:29:01.498"/>
</kw>
<kw name="Submit Form" library="RPA.Browser.Selenium">
<doc>Submits a form identified by ``locator``.</doc>
<msg timestamp="20220820 23:29:01.498" level="INFO">Submitting form 'None'.</msg>
<status status="PASS" starttime="20220820 23:29:01.498" endtime="20220820 23:29:01.542"/>
</kw>
<kw name="Wait Until Page Contains Element" library="RPA.Browser.Selenium">
<arg>id:sales-form</arg>
<doc>Waits until the element ``locator`` appears on the current page.</doc>
<status status="PASS" starttime="20220820 23:29:01.543" endtime="20220820 23:29:04.062"/>
</kw>
<status status="PASS" starttime="20220820 23:29:01.184" endtime="20220820 23:29:04.062"/>
</kw>
<kw name="Fill and submit the form">
<kw name="Click Button" library="RPA.Browser.Selenium">
<arg>Submit</arg>
<doc>Clicks the button identified by ``locator``.</doc>
<msg timestamp="20220820 23:29:04.064" level="INFO">Clicking button 'Submit'.</msg>
<status status="PASS" starttime="20220820 23:29:04.063" endtime="20220820 23:29:04.188"/>
</kw>
<status status="PASS" starttime="20220820 23:29:04.063" endtime="20220820 23:29:04.189"/>
</kw>
<status status="PASS" starttime="20220820 23:28:58.602" endtime="20220820 23:29:04.190"/>
</test>
<test id="s1-t2" name="Example task" line="17">
<kw name="Example keyword" library="keywords">
<kw name="Log" library="BuiltIn">
<arg>Today is ${TODAY}</arg>
<doc>Logs the given message with the given level.</doc>
<msg timestamp="20220820 23:29:04.215" level="INFO">Today is 2022-08-20 23:28:58.582189</msg>
<status status="PASS" starttime="20220820 23:29:04.215" endtime="20220820 23:29:04.216"/>
</kw>
<status status="PASS" starttime="20220820 23:29:04.215" endtime="20220820 23:29:04.216"/>
</kw>
<kw name="Example Python Keyword" library="MyLibrary">
<msg timestamp="20220820 23:29:04.217" level="INFO">This is Python!</msg>
<status status="PASS" starttime="20220820 23:29:04.217" endtime="20220820 23:29:04.217"/>
</kw>
<kw name="Log" library="BuiltIn">
<arg>${TODAY}</arg>
<doc>Logs the given message with the given level.</doc>
<msg timestamp="20220820 23:29:04.218" level="INFO">2022-08-20 23:28:58.582189</msg>
<status status="PASS" starttime="20220820 23:29:04.218" endtime="20220820 23:29:04.218"/>
</kw>
<status status="PASS" starttime="20220820 23:29:04.213" endtime="20220820 23:29:04.220"/>
</test>
<doc>Insert the sales data for the week and export it as a PDF.</doc>
<status status="PASS" starttime="20220820 23:28:56.650" endtime="20220820 23:29:04.222"/>
</suite>
<statistics>
<total>
<stat pass="2" fail="0" skip="0">All Tasks</stat>
</total>
<tag>
</tag>
<suite>
<stat pass="2" fail="0" skip="0" id="s1" name="Tasks">Tasks</stat>
</suite>
</statistics>
<errors>
</errors>
</robot>
